[2024-01-25 02:55:17] local.ERROR: Call to a member function getPath() on null {"exception":"[object] (Error(code: 0): Call to a member function getPath() on null at /var/www/vendor/nwidart/laravel-modules/src/helpers.php:11)
[stacktrace]
#0 /var/www/Modules/Frontend/app/Providers/FrontendServiceProvider.php(74): module_path('Frontend', 'lang')
#1 /var/www/Modules/Frontend/app/Providers/FrontendServiceProvider.php(26): Modules\\Frontend\\app\\Providers\\FrontendServiceProvider->registerTranslations()
#2 /var/www/vendor/laravel/framework/src/Illuminate/Container/BoundMethod.php(36): Modules\\Frontend\\app\\Providers\\FrontendServiceProvider->boot()
#3 /var/www/vendor/laravel/framework/src/Illuminate/Container/Util.php(41): Illuminate\\Container\\BoundMethod::Illuminate\\Container\\{closure}()
#4 /var/www/vendor/laravel/framework/src/Illuminate/Container/BoundMethod.php(93): Illuminate\\Container\\Util::unwrapIfClosure(Object(Closure))
#5 /var/www/vendor/laravel/framework/src/Illuminate/Container/BoundMethod.php(35): Illuminate\\Container\\BoundMethod::callBoundMethod(Object(Illuminate\\Foundation\\Application), Array, Object(Closure))
#6 /var/www/vendor/laravel/framework/src/Illuminate/Container/Container.php(662): Illuminate\\Container\\BoundMethod::call(Object(Illuminate\\Foundation\\Application), Array, Array, NULL)
#7 /var/www/vendor/laravel/framework/src/Illuminate/Foundation/Application.php(1030): Illuminate\\Container\\Container->call(Array)
#8 /var/www/vendor/laravel/framework/src/Illuminate/Foundation/Application.php(1011): Illuminate\\Foundation\\Application->bootProvider(Object(Modules\\Frontend\\app\\Providers\\FrontendServiceProvider))
#9 [internal function]: Illuminate\\Foundation\\Application->Illuminate\\Foundation\\{closure}(Object(Modules\\Frontend\\app\\Providers\\FrontendServiceProvider), 30)
#10 /var/www/vendor/laravel/framework/src/Illuminate/Foundation/Application.php(1010): array_walk(Array, Object(Closure))
#11 /var/www/vendor/laravel/framework/src/Illuminate/Foundation/Bootstrap/BootProviders.php(17): Illuminate\\Foundation\\Application->boot()
#12 /var/www/vendor/laravel/framework/src/Illuminate/Foundation/Application.php(263): Illuminate\\Foundation\\Bootstrap\\BootProviders->bootstrap(Object(Illuminate\\Foundation\\Application))
#13 /var/www/vendor/laravel/framework/src/Illuminate/Foundation/Console/Kernel.php(447): Illuminate\\Foundation\\Application->bootstrapWith(Array)
#14 /var/www/vendor/laravel/framework/src/Illuminate/Foundation/Console/Kernel.php(199): Illuminate\\Foundation\\Console\\Kernel->bootstrap()
#15 /var/www/artisan(35): Illuminate\\Foundation\\Console\\Kernel->handle(Object(Symfony\\Component\\Console\\Input\\ArgvInput), Object(Symfony\\Component\\Console\\Output\\ConsoleOutput))
#16 {main}
"} 
[2024-01-25 07:16:36] local.ERROR: Call to a member function getPath() on null {"exception":"[object] (Error(code: 0): Call to a member function getPath() on null at /var/www/vendor/nwidart/laravel-modules/src/helpers.php:11)
[stacktrace]
#0 /var/www/Modules/Frontend/app/Providers/FrontendServiceProvider.php(74): module_path('Frontend', 'lang')
#1 /var/www/Modules/Frontend/app/Providers/FrontendServiceProvider.php(26): Modules\\Frontend\\app\\Providers\\FrontendServiceProvider->registerTranslations()
#2 /var/www/vendor/laravel/framework/src/Illuminate/Container/BoundMethod.php(36): Modules\\Frontend\\app\\Providers\\FrontendServiceProvider->boot()
#3 /var/www/vendor/laravel/framework/src/Illuminate/Container/Util.php(41): Illuminate\\Container\\BoundMethod::Illuminate\\Container\\{closure}()
#4 /var/www/vendor/laravel/framework/src/Illuminate/Container/BoundMethod.php(93): Illuminate\\Container\\Util::unwrapIfClosure(Object(Closure))
#5 /var/www/vendor/laravel/framework/src/Illuminate/Container/BoundMethod.php(35): Illuminate\\Container\\BoundMethod::callBoundMethod(Object(Illuminate\\Foundation\\Application), Array, Object(Closure))
#6 /var/www/vendor/laravel/framework/src/Illuminate/Container/Container.php(662): Illuminate\\Container\\BoundMethod::call(Object(Illuminate\\Foundation\\Application), Array, Array, NULL)
#7 /var/www/vendor/laravel/framework/src/Illuminate/Foundation/Application.php(1030): Illuminate\\Container\\Container->call(Array)
#8 /var/www/vendor/laravel/framework/src/Illuminate/Foundation/Application.php(1011): Illuminate\\Foundation\\Application->bootProvider(Object(Modules\\Frontend\\app\\Providers\\FrontendServiceProvider))
#9 [internal function]: Illuminate\\Foundation\\Application->Illuminate\\Foundation\\{closure}(Object(Modules\\Frontend\\app\\Providers\\FrontendServiceProvider), 30)
#10 /var/www/vendor/laravel/framework/src/Illuminate/Foundation/Application.php(1010): array_walk(Array, Object(Closure))
#11 /var/www/vendor/laravel/framework/src/Illuminate/Foundation/Bootstrap/BootProviders.php(17): Illuminate\\Foundation\\Application->boot()
#12 /var/www/vendor/laravel/framework/src/Illuminate/Foundation/Application.php(263): Illuminate\\Foundation\\Bootstrap\\BootProviders->bootstrap(Object(Illuminate\\Foundation\\Application))
#13 /var/www/vendor/laravel/framework/src/Illuminate/Foundation/Console/Kernel.php(447): Illuminate\\Foundation\\Application->bootstrapWith(Array)
#14 /var/www/vendor/laravel/framework/src/Illuminate/Foundation/Console/Kernel.php(199): Illuminate\\Foundation\\Console\\Kernel->bootstrap()
#15 /var/www/artisan(35): Illuminate\\Foundation\\Console\\Kernel->handle(Object(Symfony\\Component\\Console\\Input\\ArgvInput), Object(Symfony\\Component\\Console\\Output\\ConsoleOutput))
#16 {main}
"} 
